<?xml version="1.0" encoding="UTF-8"?>
<!-- Generated by org.testng.reporters.JUnitXMLReporter -->
<testsuite ignored="0" hostname="LAPTOP-VLPKSRKS" failures="0" tests="3" name="Default test" time="15.168" errors="0" timestamp="2025-05-04T16:13:22 IST">
  <testcase classname="com.parasoft.parabank.testcases.Login" name="validateLoginWithValidData" time="3.657"/>
  <testcase classname="com.parasoft.parabank.testcases.Login" name="validateLoginWithInvalidData" time="1.15"/>
  <testcase classname="com.parasoft.parabank.testcases.Login" name="validateLoginWithBlankFields" time="1.429"/>
</testsuite> <!-- Default test -->
